2020-12-11 00:30:20 [httpLog] {"method":"GET","url":"/newRequest","data":{},"startTime":"2020-12-11 00:30:20","endTime":"2020-12-11 00:30:20","timeLength":11}
2020-12-11 00:30:38 [httpLog] {"method":"GET","url":"/","data":{},"startTime":"2020-12-11 00:30:38","endTime":"2020-12-11 00:30:38","timeLength":6}
2020-12-11 00:38:34 [httpLog] {"method":"POST","url":"/login","data":{"name":"小明","age":"23"},"startTime":"2020-12-11 00:38:34","endTime":"2020-12-11 00:38:34","timeLength":8}
2020-12-11 00:38:56 [httpLog] {"method":"POST","url":"/user","data":{"name":"小明","age":"23"},"startTime":"2020-12-11 00:38:56","endTime":"2020-12-11 00:38:56","timeLength":1}
2020-12-11 00:38:58 [httpLog] {"method":"POST","url":"/user","data":{"name":"小明","age":"23"},"startTime":"2020-12-11 00:38:58","endTime":"2020-12-11 00:38:58","timeLength":0}
2020-12-11 00:39:06 [httpLog] {"method":"POST","url":"/user","data":{"name":"小明","age":"23"},"startTime":"2020-12-11 00:39:06","endTime":"2020-12-11 00:39:06","timeLength":5}
2020-12-11 00:39:23 [httpLog] {"method":"GET","url":"/user","data":{},"startTime":"2020-12-11 00:39:23","endTime":"2020-12-11 00:39:23","timeLength":10}
2020-12-11 00:40:16 [httpLog] {"method":"POST","url":"/login","data":{"name":"小明","age":"23"},"startTime":"2020-12-11 00:40:16","endTime":"2020-12-11 00:40:16","timeLength":8}
2020-12-11 00:40:18 [httpLog] {"method":"POST","url":"/login","data":{"name":"小明","age":"23"},"startTime":"2020-12-11 00:40:18","endTime":"2020-12-11 00:40:18","timeLength":1}
2020-12-11 00:40:26 [httpLog] {"method":"POST","url":"/","data":{"name":"小明","age":"23"},"startTime":"2020-12-11 00:40:26","endTime":"2020-12-11 00:40:26","timeLength":0}
2020-12-11 00:40:28 [httpLog] {"method":"POST","url":"/","data":{"name":"小明","age":"23"},"startTime":"2020-12-11 00:40:28","endTime":"2020-12-11 00:40:28","timeLength":1}
2020-12-11 00:40:44 [httpLog] {"method":"GET","url":"/","data":{},"startTime":"2020-12-11 00:40:44","endTime":"2020-12-11 00:40:44","timeLength":7}
2020-12-11 00:40:51 [httpLog] {"method":"GET","url":"/home","data":{},"startTime":"2020-12-11 00:40:51","endTime":"2020-12-11 00:40:51","timeLength":1}
2020-12-11 00:40:52 [httpLog] {"method":"GET","url":"/home","data":{},"startTime":"2020-12-11 00:40:52","endTime":"2020-12-11 00:40:52","timeLength":1}
2020-12-11 00:41:00 [httpLog] {"method":"GET","url":"/newApplication","data":{},"startTime":"2020-12-11 00:41:00","endTime":"2020-12-11 00:41:00","timeLength":5}
2020-12-11 00:41:13 [httpLog] {"method":"GET","url":"/newRequest","data":{},"startTime":"2020-12-11 00:41:13","endTime":"2020-12-11 00:41:13","timeLength":6}
2020-12-11 00:41:21 [httpLog] {"method":"GET","url":"/logout","data":{},"startTime":"2020-12-11 00:41:21","endTime":"2020-12-11 00:41:21","timeLength":6}
2020-12-11 00:41:29 [httpLog] {"method":"GET","url":"/home","data":{},"startTime":"2020-12-11 00:41:29","endTime":"2020-12-11 00:41:29","timeLength":8}
2020-12-11 00:41:31 [httpLog] {"method":"GET","url":"/home","data":{},"startTime":"2020-12-11 00:41:31","endTime":"2020-12-11 00:41:31","timeLength":1}
2020-12-11 00:41:36 [httpLog] {"method":"GET","url":"/","data":{},"startTime":"2020-12-11 00:41:36","endTime":"2020-12-11 00:41:36","timeLength":1}
2020-12-11 00:41:39 [httpLog] {"method":"GET","url":"/","data":{},"startTime":"2020-12-11 00:41:39","endTime":"2020-12-11 00:41:39","timeLength":0}
2020-12-11 00:41:47 [httpLog] {"method":"POST","url":"/login","data":{"name":"小明","age":"23"},"startTime":"2020-12-11 00:41:47","endTime":"2020-12-11 00:41:47","timeLength":1}
2020-12-11 00:41:52 [httpLog] {"method":"POST","url":"/","data":{"name":"小明","age":"23"},"startTime":"2020-12-11 00:41:52","endTime":"2020-12-11 00:41:52","timeLength":1}
2020-12-11 00:41:55 [httpLog] {"method":"GET","url":"/","data":{},"startTime":"2020-12-11 00:41:55","endTime":"2020-12-11 00:41:55","timeLength":4}
